127.0.0.1 - - [17/Feb/2026 19:31:45] "GET /glassmorphism.html HTTP/1.1" 200 -
127.0.0.1 - - [17/Feb/2026 19:31:45] "GET /sleepless-grounds-logo.png HTTP/1.1" 200 -
127.0.0.1 - - [17/Feb/2026 19:31:46] "GET /Directions%20From%20Bustos%20Public%20Market.MP4 HTTP/1.1" 200 -
127.0.0.1 - - [17/Feb/2026 19:31:47] "GET /background-image.png HTTP/1.1" 200 -
127.0.0.1 - - [17/Feb/2026 19:31:47] "GET /Directions%20From%20From%20Tibag%2C%20Baliwag.MP4 HTTP/1.1" 200 -
127.0.0.1 - - [17/Feb/2026 19:31:47] "GET /Directions%20From%20Sto%20Ni%C3%B1o%20Parish%20Church.MP4 HTTP/1.1" 200 -
127.0.0.1 - - [17/Feb/2026 19:32:06] "GET /Directions%20From%20Sto%20Ni%C3%B1o%20Parish%20Church.MP4 HTTP/1.1" 200 -
127.0.0.1 - - [17/Feb/2026 19:32:06] "GET /Directions%20From%20From%20Tibag%2C%20Baliwag.MP4 HTTP/1.1" 200 -
127.0.0.1 - - [17/Feb/2026 19:32:06] "GET /Directions%20From%20Bustos%20Public%20Market.MP4 HTTP/1.1" 200 -
----------------------------------------
Exception occurred during processing of request from ('127.0.0.1', 37184)
----------------------------------------
Exception occurred during processing of request from ('127.0.0.1', 37180)
----------------------------------------
Exception occurred during processing of request from ('127.0.0.1', 37166)
Traceback (most recent call last):
Traceback (most recent call last):
Traceback (most recent call last):
  File "/home/jules/.pyenv/versions/3.12.12/lib/python3.12/socketserver.py", line 697, in process_request_thread
    self.finish_request(request, client_address)
  File "/home/jules/.pyenv/versions/3.12.12/lib/python3.12/http/server.py", line 1311, in finish_request
    self.RequestHandlerClass(request, client_address, self,
  File "/home/jules/.pyenv/versions/3.12.12/lib/python3.12/http/server.py", line 672, in __init__
    super().__init__(*args, **kwargs)
  File "/home/jules/.pyenv/versions/3.12.12/lib/python3.12/socketserver.py", line 697, in process_request_thread
    self.finish_request(request, client_address)
  File "/home/jules/.pyenv/versions/3.12.12/lib/python3.12/socketserver.py", line 766, in __init__
    self.handle()
  File "/home/jules/.pyenv/versions/3.12.12/lib/python3.12/http/server.py", line 1311, in finish_request
    self.RequestHandlerClass(request, client_address, self,
  File "/home/jules/.pyenv/versions/3.12.12/lib/python3.12/http/server.py", line 436, in handle
    self.handle_one_request()
  File "/home/jules/.pyenv/versions/3.12.12/lib/python3.12/socketserver.py", line 697, in process_request_thread
    self.finish_request(request, client_address)
  File "/home/jules/.pyenv/versions/3.12.12/lib/python3.12/http/server.py", line 424, in handle_one_request
    method()
  File "/home/jules/.pyenv/versions/3.12.12/lib/python3.12/http/server.py", line 1311, in finish_request
    self.RequestHandlerClass(request, client_address, self,
  File "/home/jules/.pyenv/versions/3.12.12/lib/python3.12/http/server.py", line 679, in do_GET
    self.copyfile(f, self.wfile)
  File "/home/jules/.pyenv/versions/3.12.12/lib/python3.12/http/server.py", line 672, in __init__
    super().__init__(*args, **kwargs)
  File "/home/jules/.pyenv/versions/3.12.12/lib/python3.12/http/server.py", line 878, in copyfile
    shutil.copyfileobj(source, outputfile)
  File "/home/jules/.pyenv/versions/3.12.12/lib/python3.12/socketserver.py", line 766, in __init__
    self.handle()
  File "/home/jules/.pyenv/versions/3.12.12/lib/python3.12/shutil.py", line 204, in copyfileobj
    fdst_write(buf)
  File "/home/jules/.pyenv/versions/3.12.12/lib/python3.12/socketserver.py", line 845, in write
    self._sock.sendall(b)
  File "/home/jules/.pyenv/versions/3.12.12/lib/python3.12/http/server.py", line 436, in handle
    self.handle_one_request()
ConnectionResetError: [Errno 104] Connection reset by peer
  File "/home/jules/.pyenv/versions/3.12.12/lib/python3.12/http/server.py", line 424, in handle_one_request
    method()
----------------------------------------
  File "/home/jules/.pyenv/versions/3.12.12/lib/python3.12/http/server.py", line 679, in do_GET
    self.copyfile(f, self.wfile)
  File "/home/jules/.pyenv/versions/3.12.12/lib/python3.12/http/server.py", line 878, in copyfile
    shutil.copyfileobj(source, outputfile)
  File "/home/jules/.pyenv/versions/3.12.12/lib/python3.12/shutil.py", line 204, in copyfileobj
    fdst_write(buf)
  File "/home/jules/.pyenv/versions/3.12.12/lib/python3.12/socketserver.py", line 845, in write
    self._sock.sendall(b)
ConnectionResetError: [Errno 104] Connection reset by peer
----------------------------------------
  File "/home/jules/.pyenv/versions/3.12.12/lib/python3.12/http/server.py", line 672, in __init__
    super().__init__(*args, **kwargs)
  File "/home/jules/.pyenv/versions/3.12.12/lib/python3.12/socketserver.py", line 766, in __init__
    self.handle()
  File "/home/jules/.pyenv/versions/3.12.12/lib/python3.12/http/server.py", line 436, in handle
    self.handle_one_request()
  File "/home/jules/.pyenv/versions/3.12.12/lib/python3.12/http/server.py", line 424, in handle_one_request
    method()
  File "/home/jules/.pyenv/versions/3.12.12/lib/python3.12/http/server.py", line 679, in do_GET
    self.copyfile(f, self.wfile)
  File "/home/jules/.pyenv/versions/3.12.12/lib/python3.12/http/server.py", line 878, in copyfile
    shutil.copyfileobj(source, outputfile)
  File "/home/jules/.pyenv/versions/3.12.12/lib/python3.12/shutil.py", line 204, in copyfileobj
    fdst_write(buf)
  File "/home/jules/.pyenv/versions/3.12.12/lib/python3.12/socketserver.py", line 845, in write
    self._sock.sendall(b)
ConnectionResetError: [Errno 104] Connection reset by peer
----------------------------------------
127.0.0.1 - - [17/Feb/2026 19:32:43] "GET /glassmorphism.html HTTP/1.1" 200 -
127.0.0.1 - - [17/Feb/2026 19:32:43] "GET /sleepless-grounds-logo.png HTTP/1.1" 200 -
127.0.0.1 - - [17/Feb/2026 19:32:43] "GET /Directions%20From%20Sto%20Ni%C3%B1o%20Parish%20Church.MP4 HTTP/1.1" 200 -
127.0.0.1 - - [17/Feb/2026 19:32:43] "GET /Directions%20From%20Bustos%20Public%20Market.MP4 HTTP/1.1" 200 -
127.0.0.1 - - [17/Feb/2026 19:32:43] "GET /Directions%20From%20From%20Tibag%2C%20Baliwag.MP4 HTTP/1.1" 200 -
127.0.0.1 - - [17/Feb/2026 19:32:43] "GET /background-image.png HTTP/1.1" 200 -
127.0.0.1 - - [17/Feb/2026 19:32:51] "GET /Directions%20From%20Bustos%20Public%20Market.MP4 HTTP/1.1" 200 -
127.0.0.1 - - [17/Feb/2026 19:32:52] "GET /Directions%20From%20Sto%20Ni%C3%B1o%20Parish%20Church.MP4 HTTP/1.1" 200 -
127.0.0.1 - - [17/Feb/2026 19:32:52] "GET /Directions%20From%20From%20Tibag%2C%20Baliwag.MP4 HTTP/1.1" 200 -
----------------------------------------
Exception occurred during processing of request from ('127.0.0.1', 33882)
Traceback (most recent call last):
----------------------------------------
----------------------------------------
  File "/home/jules/.pyenv/versions/3.12.12/lib/python3.12/socketserver.py", line 697, in process_request_thread
    self.finish_request(request, client_address)
Exception occurred during processing of request from ('127.0.0.1', 33908)
Exception occurred during processing of request from ('127.0.0.1', 33894)
Traceback (most recent call last):
Traceback (most recent call last):
  File "/home/jules/.pyenv/versions/3.12.12/lib/python3.12/socketserver.py", line 697, in process_request_thread
    self.finish_request(request, client_address)
  File "/home/jules/.pyenv/versions/3.12.12/lib/python3.12/http/server.py", line 1311, in finish_request
    self.RequestHandlerClass(request, client_address, self,
  File "/home/jules/.pyenv/versions/3.12.12/lib/python3.12/socketserver.py", line 697, in process_request_thread
    self.finish_request(request, client_address)
  File "/home/jules/.pyenv/versions/3.12.12/lib/python3.12/http/server.py", line 672, in __init__
    super().__init__(*args, **kwargs)
  File "/home/jules/.pyenv/versions/3.12.12/lib/python3.12/socketserver.py", line 766, in __init__
    self.handle()
  File "/home/jules/.pyenv/versions/3.12.12/lib/python3.12/http/server.py", line 436, in handle
    self.handle_one_request()
  File "/home/jules/.pyenv/versions/3.12.12/lib/python3.12/http/server.py", line 424, in handle_one_request
    method()
  File "/home/jules/.pyenv/versions/3.12.12/lib/python3.12/http/server.py", line 679, in do_GET
    self.copyfile(f, self.wfile)
  File "/home/jules/.pyenv/versions/3.12.12/lib/python3.12/http/server.py", line 878, in copyfile
    shutil.copyfileobj(source, outputfile)
  File "/home/jules/.pyenv/versions/3.12.12/lib/python3.12/shutil.py", line 204, in copyfileobj
    fdst_write(buf)
  File "/home/jules/.pyenv/versions/3.12.12/lib/python3.12/socketserver.py", line 845, in write
    self._sock.sendall(b)
ConnectionResetError: [Errno 104] Connection reset by peer
----------------------------------------
  File "/home/jules/.pyenv/versions/3.12.12/lib/python3.12/http/server.py", line 1311, in finish_request
    self.RequestHandlerClass(request, client_address, self,
  File "/home/jules/.pyenv/versions/3.12.12/lib/python3.12/http/server.py", line 672, in __init__
    super().__init__(*args, **kwargs)
  File "/home/jules/.pyenv/versions/3.12.12/lib/python3.12/socketserver.py", line 766, in __init__
    self.handle()
  File "/home/jules/.pyenv/versions/3.12.12/lib/python3.12/http/server.py", line 1311, in finish_request
    self.RequestHandlerClass(request, client_address, self,
  File "/home/jules/.pyenv/versions/3.12.12/lib/python3.12/http/server.py", line 672, in __init__
    super().__init__(*args, **kwargs)
  File "/home/jules/.pyenv/versions/3.12.12/lib/python3.12/http/server.py", line 436, in handle
    self.handle_one_request()
  File "/home/jules/.pyenv/versions/3.12.12/lib/python3.12/socketserver.py", line 766, in __init__
    self.handle()
  File "/home/jules/.pyenv/versions/3.12.12/lib/python3.12/http/server.py", line 424, in handle_one_request
    method()
  File "/home/jules/.pyenv/versions/3.12.12/lib/python3.12/http/server.py", line 436, in handle
    self.handle_one_request()
  File "/home/jules/.pyenv/versions/3.12.12/lib/python3.12/http/server.py", line 679, in do_GET
    self.copyfile(f, self.wfile)
  File "/home/jules/.pyenv/versions/3.12.12/lib/python3.12/http/server.py", line 424, in handle_one_request
    method()
  File "/home/jules/.pyenv/versions/3.12.12/lib/python3.12/http/server.py", line 878, in copyfile
    shutil.copyfileobj(source, outputfile)
  File "/home/jules/.pyenv/versions/3.12.12/lib/python3.12/http/server.py", line 679, in do_GET
    self.copyfile(f, self.wfile)
  File "/home/jules/.pyenv/versions/3.12.12/lib/python3.12/shutil.py", line 204, in copyfileobj
    fdst_write(buf)
  File "/home/jules/.pyenv/versions/3.12.12/lib/python3.12/http/server.py", line 878, in copyfile
    shutil.copyfileobj(source, outputfile)
  File "/home/jules/.pyenv/versions/3.12.12/lib/python3.12/shutil.py", line 204, in copyfileobj
    fdst_write(buf)
  File "/home/jules/.pyenv/versions/3.12.12/lib/python3.12/socketserver.py", line 845, in write
    self._sock.sendall(b)
  File "/home/jules/.pyenv/versions/3.12.12/lib/python3.12/socketserver.py", line 845, in write
    self._sock.sendall(b)
ConnectionResetError: [Errno 104] Connection reset by peer
ConnectionResetError: [Errno 104] Connection reset by peer
----------------------------------------
----------------------------------------
